Build started 5/26/2013 4:03:11 PM.
     1>Project "C:\Users\User\Desktop\portaudio.r1891\build\msvc\portaudio.vcxproj" on node 2 (Rebuild target(s)).
     1>ClCompile:
         C:\Program Files (x86)\Microsoft Visual Studio 11.0\VC\bin\x86_amd64\CL.exe /c /I..\..\src\common /I..\..\include /I.\ /I..\..\src\os\win /Zi /nologo /W3 /WX- /O2 /Ob1 /Oi /Ot /Oy /D _WIN64 /D NDEBUG /D _USRDLL /D PA_ENABLE_DEBUG_OUTPUT /D _CRT_SECURE_NO_DEPRECATE /D PAWIN_USE_WDMKS_DEVICE_INFO /D PA_USE_ASIO=1 /D PA_USE_DS=1 /D PA_USE_WMME=1 /D PA_USE_WASAPI=1 /D PA_USE_WDMKS=1 /D _VC80_UPGRADE=0x0600 /D _WINDLL /GF /Gm- /EHsc /MD /GS /Gy /fp:fast /Zc:wchar_t /Zc:forScope /Fo"x64\Release\\" /Fd"x64\Release\vc110.pdb" /Gd /TC /errorReport:prompt ..\..\src\common\pa_allocation.c ..\..\src\common\pa_converters.c ..\..\src\common\pa_cpuload.c ..\..\src\common\pa_debugprint.c ..\..\src\common\pa_dither.c ..\..\src\common\pa_front.c ..\..\src\hostapi\skeleton\pa_hostapi_skeleton.c ..\..\src\common\pa_process.c ..\..\src\common\pa_ringbuffer.c ..\..\src\common\pa_stream.c ..\..\src\common\pa_trace.c ..\..\src\hostapi\dsound\pa_win_ds.c ..\..\src\hostapi\dsound\pa_win_ds_dynlink.c ..\..\src\hostapi\wmme\pa_win_wmme.c ..\..\src\hostapi\wasapi\pa_win_wasapi.c ..\..\src\hostapi\wdmks\pa_win_wdmks.c ..\..\src\os\win\pa_win_coinitialize.c ..\..\src\os\win\pa_win_hostapis.c ..\..\src\os\win\pa_win_util.c ..\..\src\os\win\pa_win_waveformat.c ..\..\src\os\win\pa_win_wdmks_utils.c ..\..\src\os\win\pa_x86_plain_converters.c
         pa_allocation.c
         pa_converters.c
         pa_cpuload.c
         pa_debugprint.c
         pa_dither.c
         pa_front.c
         pa_hostapi_skeleton.c
         pa_process.c
         pa_ringbuffer.c
         pa_stream.c
         pa_trace.c
         pa_win_ds.c
         pa_win_ds_dynlink.c
         pa_win_wmme.c
         pa_win_wasapi.c
         pa_win_wdmks.c
         pa_win_coinitialize.c
         pa_win_hostapis.c
         pa_win_util.c
         pa_win_waveformat.c
         Generating Code...
         Compiling...
         pa_win_wdmks_utils.c
         pa_x86_plain_converters.c
         Generating Code...
         C:\Program Files (x86)\Microsoft Visual Studio 11.0\VC\bin\x86_amd64\CL.exe /c /I..\..\src\hostapi\asio\ASIOSDK\host /I..\..\src\hostapi\asio\ASIOSDK\host\pc /I..\..\src\hostapi\asio\ASIOSDK\common /I..\..\src\common /I..\..\include /I.\ /I..\..\src\os\win /Zi /nologo /W3 /WX- /O2 /Ob1 /Oi /Ot /Oy /D _WIN64 /D NDEBUG /D _USRDLL /D PA_ENABLE_DEBUG_OUTPUT /D _CRT_SECURE_NO_DEPRECATE /D PAWIN_USE_WDMKS_DEVICE_INFO /D PA_USE_ASIO=1 /D PA_USE_DS=1 /D PA_USE_WMME=1 /D PA_USE_WASAPI=1 /D PA_USE_WDMKS=1 /D _VC80_UPGRADE=0x0600 /D _WINDLL /GF /Gm- /EHsc /MD /GS /Gy /fp:fast /Zc:wchar_t /Zc:forScope /Fo"x64\Release\\" /Fd"x64\Release\vc110.pdb" /Gd /TP /errorReport:prompt ..\..\src\hostapi\asio\pa_asio.cpp ..\..\src\hostapi\asio\ASIOSDK\common\asio.cpp ..\..\src\hostapi\asio\ASIOSDK\host\asiodrivers.cpp ..\..\src\hostapi\asio\ASIOSDK\host\pc\asiolist.cpp
         pa_asio.cpp
         asio.cpp
         asiodrivers.cpp
         asiolist.cpp
     1>..\..\src\hostapi\asio\ASIOSDK\host\pc\asiolist.cpp(24): warning C4267: 'argument' : conversion from 'size_t' to 'DWORD', possible loss of data
     1>..\..\src\hostapi\asio\ASIOSDK\host\pc\asiolist.cpp(31): warning C4267: 'argument' : conversion from 'size_t' to 'DWORD', possible loss of data
         Generating Code...
     1>C:\Program Files (x86)\MSBuild\Microsoft.Cpp\v4.0\V110\Microsoft.CppBuild.targets(1137,5): warning MSB8012: TargetPath(C:\Users\User\Desktop\portaudio.r1891\build\msvc\x64\Release\portaudio.dll) does not match the Linker's OutputFile property value (C:\Users\User\Desktop\portaudio.r1891\build\msvc\x64\Release\portaudio_x64.dll). This may cause your project to build incorrectly. To correct this, please make sure that $(OutDir), $(TargetName) and $(TargetExt) property values match the value specified in %(Link.OutputFile).
     1>C:\Program Files (x86)\MSBuild\Microsoft.Cpp\v4.0\V110\Microsoft.CppBuild.targets(1139,5): warning MSB8012: TargetName(portaudio) does not match the Linker's OutputFile property value (portaudio_x64). This may cause your project to build incorrectly. To correct this, please make sure that $(OutDir), $(TargetName) and $(TargetExt) property values match the value specified in %(Link.OutputFile).
       Link:
         C:\Program Files (x86)\Microsoft Visual Studio 11.0\VC\bin\x86_amd64\link.exe /ERRORREPORT:PROMPT /OUT:"x64\Release\portaudio_x64.dll" /INCREMENTAL:NO /NOLOGO "\Program Files\Microsoft SDKs\Windows\v7.1\Lib\x64\ksuser.lib" "\Program Files\Microsoft SDKs\Windows\v7.1\Lib\x64\ksguid.lib" kernel32.lib user32.lib gdi32.lib winspool.lib comdlg32.lib advapi32.lib shell32.lib ole32.lib oleaut32.lib uuid.lib odbc32.lib odbccp32.lib /DEF:".\portaudio.def" /MANIFEST /MANIFESTUAC:"level='asInvoker' uiAccess='false'" /manifest:embed /PDB:"x64\Release/portaudio_x64.pdb" /TLBID:1 /DYNAMICBASE /NXCOMPAT /IMPLIB:"x64\Release/portaudio_x64.lib" /MACHINE:X64 /DLL x64\Release\pa_allocation.obj
         x64\Release\pa_converters.obj
         x64\Release\pa_cpuload.obj
         x64\Release\pa_debugprint.obj
         x64\Release\pa_dither.obj
         x64\Release\pa_front.obj
         x64\Release\pa_hostapi_skeleton.obj
         x64\Release\pa_process.obj
         x64\Release\pa_ringbuffer.obj
         x64\Release\pa_stream.obj
         x64\Release\pa_trace.obj
         x64\Release\pa_asio.obj
         x64\Release\asio.obj
         x64\Release\asiodrivers.obj
         x64\Release\asiolist.obj
         x64\Release\pa_win_ds.obj
         x64\Release\pa_win_ds_dynlink.obj
         x64\Release\pa_win_wmme.obj
         x64\Release\pa_win_wasapi.obj
         x64\Release\pa_win_wdmks.obj
         x64\Release\pa_win_coinitialize.obj
         x64\Release\pa_win_hostapis.obj
         x64\Release\pa_win_util.obj
         x64\Release\pa_win_waveformat.obj
         x64\Release\pa_win_wdmks_utils.obj
         x64\Release\pa_x86_plain_converters.obj
            Creating library x64\Release/portaudio_x64.lib and object x64\Release/portaudio_x64.exp
         portaudio.vcxproj -> C:\Users\User\Desktop\portaudio.r1891\build\msvc\x64\Release\portaudio.dll
     1>Done Building Project "C:\Users\User\Desktop\portaudio.r1891\build\msvc\portaudio.vcxproj" (Rebuild target(s)).

Build succeeded.

Time Elapsed 00:00:15.79
